
> clinic-app@0.1.0 build E:\web-projects\web-mobile-work-apps\clinic-nextjs
> next build

▲ Next.js 16.1.6 (Turbopack)
- Environments: .env

⚠ The "middleware" file convention is deprecated. Please use "proxy" instead. Learn more: https://nextjs.org/docs/messages/middleware-to-proxy
  Creating an optimized production build ...
✓ Compiled successfully in 2.9s
  Running TypeScript ...
Failed to compile.

./src/lib/prisma.ts:10:5
Type error: Object literal may only specify known properties, and 'datasources' does not exist in type 'Subset<PrismaClientOptions, PrismaClientOptions>'.

[0m [90m  8 |[39m   globalForPrisma[33m.[39mprisma [33m?[39m[33m?[39m
 [90m  9 |[39m   [36mnew[39m [33mPrismaClient[39m({
[31m[1m>[22m[39m[90m 10 |[39m     datasources[33m:[39m {
 [90m    |[39m     [31m[1m^[22m[39m
 [90m 11 |[39m       db[33m:[39m {
 [90m 12 |[39m         url[33m:[39m process[33m.[39menv[33m.[39m[33mDATABASE_URL[39m[33m,[39m
 [90m 13 |[39m       }[33m,[39m[0m
Next.js build worker exited with code: 1 and signal: null
 ELIFECYCLE  Command failed with exit code 1.
