
> clinic-app@0.1.0 build E:\web-projects\web-mobile-work-apps\clinic-nextjs
> next build

▲ Next.js 16.1.6 (Turbopack)
- Environments: .env

⚠ The "middleware" file convention is deprecated. Please use "proxy" instead. Learn more: https://nextjs.org/docs/messages/middleware-to-proxy
  Creating an optimized production build ...
✓ Compiled successfully in 3.1s
  Running TypeScript ...
Failed to compile.

./src/app/actions/doctor.ts:192:7
Type error: Object literal may only specify known properties, and 'appointment_id' does not exist in type 'Without<encountersCreateInput, encountersUncheckedCreateInput> & encountersUncheckedCreateInput'.

[0m [90m 190 |[39m       patient_id[33m:[39m patientId[33m,[39m
 [90m 191 |[39m       doctor_id[33m:[39m tenant[33m.[39mprofileId[33m,[39m
[31m[1m>[22m[39m[90m 192 |[39m       appointment_id[33m:[39m data[33m.[39mappointment_id [33m||[39m [36mnull[39m[33m,[39m
 [90m     |[39m       [31m[1m^[22m[39m
 [90m 193 |[39m       encounter_date[33m:[39m [36mnew[39m [33mDate[39m()[33m,[39m
 [90m 194 |[39m       notes[33m:[39m data[33m.[39mnotes[33m,[39m
 [90m 195 |[39m       diagnosis[33m:[39m data[33m.[39mdiagnosis [33m||[39m [36mnull[39m[33m,[39m[0m
Next.js build worker exited with code: 1 and signal: null
 ELIFECYCLE  Command failed with exit code 1.
