
> clinic-app@0.1.0 build E:\web-projects\web-mobile-work-apps\clinic-nextjs
> next build

▲ Next.js 16.1.6 (Turbopack)
- Environments: .env

⚠ The "middleware" file convention is deprecated. Please use "proxy" instead. Learn more: https://nextjs.org/docs/messages/middleware-to-proxy
  Creating an optimized production build ...
✓ Compiled successfully in 3.6s
  Running TypeScript ...
Failed to compile.

./src/app/(dashboard)/doctor/patients/[id]/page.tsx:35:36
Type error: Property 'blood_type' does not exist on type '{ id: string; clinic_id: string; branch_id: string | null; email: string | null; phone: string | null; created_at: Date; address: string | null; first_name: string | null; last_name: string | null; gender: Gender | null; date_of_birth: Date | null; }'.

[0m [90m 33 |[39m               [33m?[39m format([36mnew[39m [33mDate[39m(patient[33m.[39mdate_of_birth)[33m,[39m [32m"MMM d, yyyy"[39m)
 [90m 34 |[39m               [33m:[39m [32m"N/A"[39m}{[32m" "[39m}
[31m[1m>[22m[39m[90m 35 |[39m             • [33mBlood[39m [33mType[39m[33m:[39m {patient[33m.[39mblood_type [33m||[39m [32m"Unknown"[39m}
 [90m    |[39m                                    [31m[1m^[22m[39m
 [90m 36 |[39m           [33m<[39m[33m/[39m[33mp[39m[33m>[39m
 [90m 37 |[39m         [33m<[39m[33m/[39m[33mdiv[39m[33m>[39m
 [90m 38 |[39m       [33m<[39m[33m/[39m[33mdiv[39m[33m>[39m[0m
Next.js build worker exited with code: 1 and signal: null
 ELIFECYCLE  Command failed with exit code 1.
