src/app/(dashboard)/admin/appointments/page.tsx(202,42): error TS2352: Conversion of type '{ id: string; clinic_id: string; patient_id: string; doctor_id: string; date: Date; status: string; notes: string | null; }[]' to type 'Appointment[]' may be a mistake because neither type sufficiently overlaps with the other. If this was intentional, convert the expression to 'unknown' first.
  Type '{ id: string; clinic_id: string; patient_id: string; doctor_id: string; date: Date; status: string; notes: string | null; }' is missing the following properties from type 'Appointment': appointment_date, patients, profiles
src/app/(dashboard)/admin/billing/page.tsx(111,15): error TS2352: Conversion of type '{ id: string; clinic_id: string; status: string; amount: number; }[]' to type 'Invoice[]' may be a mistake because neither type sufficiently overlaps with the other. If this was intentional, convert the expression to 'unknown' first.
  Type '{ id: string; clinic_id: string; status: string; amount: number; }' is missing the following properties from type 'Invoice': invoice_type, total_amount, created_at, patients, payments
src/app/(dashboard)/admin/doctors/page.tsx(83,15): error TS2352: Conversion of type '{ id: string; clerk_user_id: string; clinic_id: string; first_name: string | null; last_name: string | null; }[]' to type 'Doctor[]' may be a mistake because neither type sufficiently overlaps with the other. If this was intentional, convert the expression to 'unknown' first.
  Type '{ id: string; clerk_user_id: string; clinic_id: string; first_name: string | null; last_name: string | null; }' is missing the following properties from type 'Doctor': full_name, email, phone, specialty, and 2 more.
src/app/(dashboard)/admin/patients/page.tsx(260,15): error TS2352: Conversion of type '{ id: string; clinic_id: string; first_name: string | null; last_name: string | null; gender: string | null; dob: Date | null; phone: string | null; }[]' to type 'Patient[]' may be a mistake because neither type sufficiently overlaps with the other. If this was intentional, convert the expression to 'unknown' first.
  Type '{ id: string; clinic_id: string; first_name: string | null; last_name: string | null; gender: string | null; dob: Date | null; phone: string | null; }' is missing the following properties from type 'Patient': email, date_of_birth, created_at
src/app/(dashboard)/doctor/appointments/page.tsx(141,15): error TS2352: Conversion of type '{ id: string; clinic_id: string; patient_id: string; doctor_id: string; date: Date; status: string; notes: string | null; }[]' to type 'Appointment[]' may be a mistake because neither type sufficiently overlaps with the other. If this was intentional, convert the expression to 'unknown' first.
  Type '{ id: string; clinic_id: string; patient_id: string; doctor_id: string; date: Date; status: string; notes: string | null; }' is missing the following properties from type 'Appointment': appointment_date, patients
src/app/(dashboard)/doctor/patients/[id]/page.tsx(32,22): error TS2339: Property 'date_of_birth' does not exist on type '{ id: string; clinic_id: string; first_name: string | null; last_name: string | null; gender: string | null; dob: Date | null; phone: string | null; }'.
src/app/(dashboard)/doctor/patients/[id]/page.tsx(33,41): error TS2339: Property 'date_of_birth' does not exist on type '{ id: string; clinic_id: string; first_name: string | null; last_name: string | null; gender: string | null; dob: Date | null; phone: string | null; }'.
src/app/(dashboard)/doctor/patients/[id]/page.tsx(35,36): error TS2339: Property 'blood_type' does not exist on type '{ id: string; clinic_id: string; first_name: string | null; last_name: string | null; gender: string | null; dob: Date | null; phone: string | null; }'.
src/app/actions/admin.ts(20,37): error TS2353: Object literal may only specify known properties, and 'role' does not exist in type 'profilesWhereInput'.
src/app/actions/admin.ts(25,9): error TS2353: Object literal may only specify known properties, and 'appointment_date' does not exist in type 'appointmentsWhereInput'.
src/app/actions/admin.ts(33,9): error TS2353: Object literal may only specify known properties, and 'invoices' does not exist in type 'paymentsWhereInput'.
src/app/actions/admin.ts(41,31): error TS2353: Object literal may only specify known properties, and 'full_name' does not exist in type 'profilesSelect<DefaultArgs>'.
src/app/actions/admin.ts(43,18): error TS2353: Object literal may only specify known properties, and 'appointment_date' does not exist in type 'appointmentsOrderByWithRelationInput | appointmentsOrderByWithRelationInput[]'.
src/app/actions/admin.ts(76,17): error TS2322: Type '{ OR?: ({ first_name: { contains: string; mode: "insensitive"; }; } | { last_name: { contains: string; mode: "insensitive"; }; } | { email: { contains: string; mode: string; }; } | { phone: { contains: string; mode: "insensitive"; }; })[] | undefined; clinic_id: string; }' is not assignable to type 'patientsWhereInput'.
  Types of property 'OR' are incompatible.
    Type '({ first_name: { contains: string; mode: "insensitive"; }; } | { last_name: { contains: string; mode: "insensitive"; }; } | { email: { contains: string; mode: string; }; } | { phone: { contains: string; mode: "insensitive"; }; })[] | undefined' is not assignable to type 'patientsWhereInput[] | undefined'.
      Type '({ first_name: { contains: string; mode: "insensitive"; }; } | { last_name: { contains: string; mode: "insensitive"; }; } | { email: { contains: string; mode: string; }; } | { phone: { contains: string; mode: "insensitive"; }; })[]' is not assignable to type 'patientsWhereInput[]'.
        Type '{ first_name: { contains: string; mode: "insensitive"; }; } | { last_name: { contains: string; mode: "insensitive"; }; } | { email: { contains: string; mode: string; }; } | { phone: { contains: string; mode: "insensitive"; }; }' is not assignable to type 'patientsWhereInput'.
          Object literal may only specify known properties, and 'email' does not exist in type 'patientsWhereInput'.
src/app/actions/admin.ts(82,16): error TS2353: Object literal may only specify known properties, and 'created_at' does not exist in type 'patientsOrderByWithRelationInput | patientsOrderByWithRelationInput[]'.
src/app/actions/admin.ts(103,7): error TS2353: Object literal may only specify known properties, and 'branch_id' does not exist in type '(Without<patientsCreateInput, patientsUncheckedCreateInput> & patientsUncheckedCreateInput) | (Without<...> & patientsCreateInput)'.
src/app/actions/admin.ts(137,7): error TS2353: Object literal may only specify known properties, and 'email' does not exist in type '(Without<patientsUpdateInput, patientsUncheckedUpdateInput> & patientsUncheckedUpdateInput) | (Without<...> & patientsUpdateInput)'.
src/app/actions/admin.ts(157,7): error TS2353: Object literal may only specify known properties, and 'role' does not exist in type 'profilesWhereInput'.
src/app/actions/admin.ts(159,16): error TS2353: Object literal may only specify known properties, and 'created_at' does not exist in type 'profilesOrderByWithRelationInput | profilesOrderByWithRelationInput[]'.
src/app/actions/admin.ts(187,29): error TS2353: Object literal may only specify known properties, and 'full_name' does not exist in type 'profilesSelect<DefaultArgs>'.
src/app/actions/admin.ts(189,16): error TS2353: Object literal may only specify known properties, and 'appointment_date' does not exist in type 'appointmentsOrderByWithRelationInput | appointmentsOrderByWithRelationInput[]'.
src/app/actions/admin.ts(205,7): error TS2353: Object literal may only specify known properties, and 'branch_id' does not exist in type 'Without<appointmentsCreateInput, appointmentsUncheckedCreateInput> & appointmentsUncheckedCreateInput'.
src/app/actions/admin.ts(246,16): error TS2353: Object literal may only specify known properties, and 'created_at' does not exist in type 'invoicesOrderByWithRelationInput | invoicesOrderByWithRelationInput[]'.
src/app/actions/doctor.ts(25,11): error TS2353: Object literal may only specify known properties, and 'appointment_date' does not exist in type 'appointmentsWhereInput'.
src/app/actions/doctor.ts(33,20): error TS2353: Object literal may only specify known properties, and 'appointment_date' does not exist in type 'appointmentsOrderByWithRelationInput | appointmentsOrderByWithRelationInput[]'.
src/app/actions/doctor.ts(35,14): error TS2339: Property 'lab_orders' does not exist on type 'PrismaClient<PrismaClientOptions, never, DefaultArgs>'.
src/app/actions/doctor.ts(58,20): error TS2353: Object literal may only specify known properties, and 'appointment_date' does not exist in type 'appointmentsOrderByWithRelationInput | appointmentsOrderByWithRelationInput[]'.
src/app/actions/doctor.ts(122,11): error TS2353: Object literal may only specify known properties, and 'date_of_birth' does not exist in type 'patientsSelect<DefaultArgs>'.
src/app/actions/doctor.ts(127,16): error TS2353: Object literal may only specify known properties, and 'appointment_date' does not exist in type 'appointmentsOrderByWithRelationInput | appointmentsOrderByWithRelationInput[]'.
src/app/actions/doctor.ts(145,12): error TS2339: Property 'encounters' does not exist on type 'PrismaClient<PrismaClientOptions, never, DefaultArgs>'.
src/app/actions/doctor.ts(152,12): error TS2339: Property 'prescription_dispenses' does not exist on type 'PrismaClient<PrismaClientOptions, never, DefaultArgs>'.
src/app/actions/doctor.ts(156,12): error TS2339: Property 'lab_orders' does not exist on type 'PrismaClient<PrismaClientOptions, never, DefaultArgs>'.
src/app/actions/doctor.ts(186,34): error TS2339: Property 'encounters' does not exist on type 'PrismaClient<PrismaClientOptions, never, DefaultArgs>'.
src/lib/auth.ts(21,7): error TS2353: Object literal may only specify known properties, and 'branch_id' does not exist in type 'profilesSelect<DefaultArgs>'.
src/lib/auth.ts(32,23): error TS2339: Property 'branch_id' does not exist on type '{ id: string; clerk_user_id: string; clinic_id: string; first_name: string | null; last_name: string | null; }'.
src/lib/auth.ts(33,19): error TS2339: Property 'role' does not exist on type '{ id: string; clerk_user_id: string; clinic_id: string; first_name: string | null; last_name: string | null; }'.
